<?xml version="1.0" encoding="UTF-8"?>
<testsuite name="Realizar busqueda de vestidos de mujeres en la pagina de new experiences" tests="1" skipped="0" failures="0" errors="0" timestamp="2020-12-01T04:40:36" hostname="DESKTOP-8HOGKER" time="32.658">
  <properties/>
  <testcase name="Busqueda de vestidos exitosa" classname="Realizar busqueda de vestidos de mujeres en la pagina de new experiences" time="32.658"/>
  <system-out><![CDATA[]]></system-out>
  <system-err><![CDATA[[Test worker] WARN net.thucydides.core.steps.BaseStepListener - stepStarted: net.thucydides.core.steps.ExecutedStepDescription@66ddcd3a
[Test worker] INFO net.thucydides.core.steps.ConsoleLoggingListener - STARTING STEP Dado que Claudia quiere buscar vestidos
| strUser | strPassword |
| acaraballo1101@gmail.com | Gabriela-1803 |
[Test worker] WARN net.thucydides.core.steps.BaseStepListener - stepStarted: net.thucydides.core.steps.ExecutedStepDescription@580991ed
[Test worker] INFO net.thucydides.core.steps.ConsoleLoggingListener - STARTING STEP Claudia open up
[Test worker] WARN net.thucydides.core.steps.BaseStepListener - stepStarted: net.thucydides.core.steps.ExecutedStepDescription@2243b8e7
[Test worker] INFO net.thucydides.core.steps.ConsoleLoggingListener - STARTING STEP Claudia opens the Favorite page
nov. 30, 2020 11:40:37 P. M. org.openqa.selenium.remote.DesiredCapabilities chrome
INFO: Using `new ChromeOptions()` is preferred to `DesiredCapabilities.chrome()`
[Test worker] INFO net.serenitybdd.core.webdriver.driverproviders.ProvideNewDriver - Instantiating driver
[Test worker] INFO net.serenitybdd.core.webdriver.driverproviders.ProvideNewDriver - Driver capabilities: Capabilities {acceptInsecureCerts: false, browserName: chrome, chrome.switches: --disk-cache-dir=null, --di..., goog:chromeOptions: {args: [--disk-cache-dir=null, --disable-popup-blocking, --incognito, --disable-download-notifica..., --start-maximized, --test-type, --ignore-certificate-errors, --allow-running-insecure-co..., --disable-traslate, --always-authorize-plugins, --disable-extensions], extensions: []}, loggingPrefs: org.openqa.selenium.logging..., platform: ANY, version: }
Starting ChromeDriver 87.0.4280.20 (c99e81631faa0b2a448e658c0dbd8311fb04ddbd-refs/branch-heads/4280@{#355}) on port 9550
Only local connections are allowed.
Please see https://chromedriver.chromium.org/security-considerations for suggestions on keeping ChromeDriver safe.
ChromeDriver was started successfully.
nov. 30, 2020 11:40:42 P. M. org.openqa.selenium.remote.ProtocolHandshake createSession
INFO: Detected dialect: W3C
[Test worker] WARN net.thucydides.core.steps.BaseStepListener - stepFinished: current outcome:Busqueda de vestidos exitosa:Dado que Claudia quiere buscar vestidos
| strUser | strPassword |
| acaraballo1101@gmail.com | Gabriela-1803 | [Claudia open up [Claudia opens the Favorite page]]
[Test worker] INFO net.thucydides.core.steps.ConsoleLoggingListener - FINISHING STEP
[Test worker] WARN net.thucydides.core.steps.BaseStepListener - stepFinished: current outcome:Busqueda de vestidos exitosa:Dado que Claudia quiere buscar vestidos
| strUser | strPassword |
| acaraballo1101@gmail.com | Gabriela-1803 | [Claudia open up [Claudia opens the Favorite page]]
[Test worker] INFO net.thucydides.core.steps.ConsoleLoggingListener - FINISHING STEP
[Test worker] WARN net.thucydides.core.steps.BaseStepListener - stepStarted: net.thucydides.core.steps.ExecutedStepDescription@33dcf6f6
[Test worker] INFO net.thucydides.core.steps.ConsoleLoggingListener - STARTING STEP Claudia login
[Test worker] WARN net.thucydides.core.steps.BaseStepListener - stepStarted: net.thucydides.core.steps.ExecutedStepDescription@3826f952
[Test worker] INFO net.thucydides.core.steps.ConsoleLoggingListener - STARTING STEP Claudia clicks on Boton Sig In
[Test worker] WARN net.thucydides.core.steps.BaseStepListener - stepFinished: current outcome:Busqueda de vestidos exitosa:Dado que Claudia quiere buscar vestidos
| strUser | strPassword |
| acaraballo1101@gmail.com | Gabriela-1803 | [Claudia open up [Claudia opens the Favorite page], Claudia login [Claudia clicks on Boton Sig In]]
[Test worker] INFO net.thucydides.core.steps.ConsoleLoggingListener - FINISHING STEP
[Test worker] WARN net.thucydides.core.steps.BaseStepListener - stepStarted: net.thucydides.core.steps.ExecutedStepDescription@758cae0d
[Test worker] INFO net.thucydides.core.steps.ConsoleLoggingListener - STARTING STEP Claudia enters 'acaraballo1101@gmail.com' into Caja de texto para ingresar el correo
[Test worker] WARN net.thucydides.core.steps.BaseStepListener - stepFinished: current outcome:Busqueda de vestidos exitosa:Dado que Claudia quiere buscar vestidos
| strUser | strPassword |
| acaraballo1101@gmail.com | Gabriela-1803 | [Claudia open up [Claudia opens the Favorite page], Claudia login [Claudia clicks on Boton Sig In, Claudia enters 'acaraballo1101@gmail.com' into Caja de texto para ingresar el correo]]
[Test worker] INFO net.thucydides.core.steps.ConsoleLoggingListener - FINISHING STEP
[Test worker] WARN net.thucydides.core.steps.BaseStepListener - stepStarted: net.thucydides.core.steps.ExecutedStepDescription@11d26b4b
[Test worker] INFO net.thucydides.core.steps.ConsoleLoggingListener - STARTING STEP Claudia enters 'Gabriela-1803' into Caja de texto para ingresar password
[Test worker] WARN net.thucydides.core.steps.BaseStepListener - stepFinished: current outcome:Busqueda de vestidos exitosa:Dado que Claudia quiere buscar vestidos
| strUser | strPassword |
| acaraballo1101@gmail.com | Gabriela-1803 | [Claudia open up [Claudia opens the Favorite page], Claudia login [Claudia clicks on Boton Sig In, Claudia enters 'acaraballo1101@gmail.com' into Caja de texto para ingresar el correo, Claudia enters 'Gabriela-1803' into Caja de texto para ingresar password]]
[Test worker] INFO net.thucydides.core.steps.ConsoleLoggingListener - FINISHING STEP
[Test worker] WARN net.thucydides.core.steps.BaseStepListener - stepStarted: net.thucydides.core.steps.ExecutedStepDescription@4c64d330
[Test worker] INFO net.thucydides.core.steps.ConsoleLoggingListener - STARTING STEP Claudia clicks on Boton iniciar Sesion
[Test worker] WARN net.thucydides.core.steps.BaseStepListener - stepFinished: current outcome:Busqueda de vestidos exitosa:Dado que Claudia quiere buscar vestidos
| strUser | strPassword |
| acaraballo1101@gmail.com | Gabriela-1803 | [Claudia open up [Claudia opens the Favorite page], Claudia login [Claudia clicks on Boton Sig In, Claudia enters 'acaraballo1101@gmail.com' into Caja de texto para ingresar el correo, Claudia enters 'Gabriela-1803' into Caja de texto para ingresar password, Claudia clicks on Boton iniciar Sesion]]
[Test worker] INFO net.thucydides.core.steps.ConsoleLoggingListener - FINISHING STEP
[Test worker] WARN net.thucydides.core.steps.BaseStepListener - stepFinished: current outcome:Busqueda de vestidos exitosa:Dado que Claudia quiere buscar vestidos
| strUser | strPassword |
| acaraballo1101@gmail.com | Gabriela-1803 | [Claudia open up [Claudia opens the Favorite page], Claudia login [Claudia clicks on Boton Sig In, Claudia enters 'acaraballo1101@gmail.com' into Caja de texto para ingresar el correo, Claudia enters 'Gabriela-1803' into Caja de texto para ingresar password, Claudia clicks on Boton iniciar Sesion]]
[Test worker] INFO net.thucydides.core.steps.ConsoleLoggingListener - FINISHING STEP
[Test worker] WARN net.thucydides.core.steps.BaseStepListener - stepFinished: current outcome:Busqueda de vestidos exitosa:Dado que Claudia quiere buscar vestidos
| strUser | strPassword |
| acaraballo1101@gmail.com | Gabriela-1803 | [Claudia open up [Claudia opens the Favorite page], Claudia login [Claudia clicks on Boton Sig In, Claudia enters 'acaraballo1101@gmail.com' into Caja de texto para ingresar el correo, Claudia enters 'Gabriela-1803' into Caja de texto para ingresar password, Claudia clicks on Boton iniciar Sesion]]
[Test worker] INFO net.thucydides.core.steps.ConsoleLoggingListener - FINISHING STEP
[Test worker] WARN net.thucydides.core.steps.BaseStepListener - stepStarted: net.thucydides.core.steps.ExecutedStepDescription@73bbca34
[Test worker] INFO net.thucydides.core.steps.ConsoleLoggingListener - STARTING STEP Cuando compra vestidos de mujeres
| strPrenda | strComentario |
| Dress | Por Favor llamar Antes de Llegar al sitio |
[Test worker] WARN net.thucydides.core.steps.BaseStepListener - stepStarted: net.thucydides.core.steps.ExecutedStepDescription@231ed911
[Test worker] INFO net.thucydides.core.steps.ConsoleLoggingListener - STARTING STEP Claudia search
[Test worker] WARN net.thucydides.core.steps.BaseStepListener - stepStarted: net.thucydides.core.steps.ExecutedStepDescription@2af9323b
[Test worker] INFO net.thucydides.core.steps.ConsoleLoggingListener - STARTING STEP Claudia clicks on Clic en Women
[Test worker] WARN net.thucydides.core.steps.BaseStepListener - stepFinished: current outcome:Busqueda de vestidos exitosa:Dado que Claudia quiere buscar vestidos
| strUser | strPassword |
| acaraballo1101@gmail.com | Gabriela-1803 | [Claudia open up [Claudia opens the Favorite page], Claudia login [Claudia clicks on Boton Sig In, Claudia enters 'acaraballo1101@gmail.com' into Caja de texto para ingresar el correo, Claudia enters 'Gabriela-1803' into Caja de texto para ingresar password, Claudia clicks on Boton iniciar Sesion]], Cuando compra vestidos de mujeres
| strPrenda | strComentario |
| Dress | Por Favor llamar Antes de Llegar al sitio | [Claudia search [Claudia clicks on Clic en Women]]
[Test worker] INFO net.thucydides.core.steps.ConsoleLoggingListener - FINISHING STEP
[Test worker] WARN net.thucydides.core.steps.BaseStepListener - stepStarted: net.thucydides.core.steps.ExecutedStepDescription@5277c811
[Test worker] INFO net.thucydides.core.steps.ConsoleLoggingListener - STARTING STEP Claudia enters 'Dress' into Cuadro de Busqueda
[Test worker] WARN net.thucydides.core.steps.BaseStepListener - stepFinished: current outcome:Busqueda de vestidos exitosa:Dado que Claudia quiere buscar vestidos
| strUser | strPassword |
| acaraballo1101@gmail.com | Gabriela-1803 | [Claudia open up [Claudia opens the Favorite page], Claudia login [Claudia clicks on Boton Sig In, Claudia enters 'acaraballo1101@gmail.com' into Caja de texto para ingresar el correo, Claudia enters 'Gabriela-1803' into Caja de texto para ingresar password, Claudia clicks on Boton iniciar Sesion]], Cuando compra vestidos de mujeres
| strPrenda | strComentario |
| Dress | Por Favor llamar Antes de Llegar al sitio | [Claudia search [Claudia clicks on Clic en Women, Claudia enters 'Dress' into Cuadro de Busqueda]]
[Test worker] INFO net.thucydides.core.steps.ConsoleLoggingListener - FINISHING STEP
[Test worker] WARN net.thucydides.core.steps.BaseStepListener - stepStarted: net.thucydides.core.steps.ExecutedStepDescription@3aa870b5
[Test worker] INFO net.thucydides.core.steps.ConsoleLoggingListener - STARTING STEP Claudia clicks on Boton Buscar
[Test worker] WARN net.thucydides.core.steps.BaseStepListener - stepFinished: current outcome:Busqueda de vestidos exitosa:Dado que Claudia quiere buscar vestidos
| strUser | strPassword |
| acaraballo1101@gmail.com | Gabriela-1803 | [Claudia open up [Claudia opens the Favorite page], Claudia login [Claudia clicks on Boton Sig In, Claudia enters 'acaraballo1101@gmail.com' into Caja de texto para ingresar el correo, Claudia enters 'Gabriela-1803' into Caja de texto para ingresar password, Claudia clicks on Boton iniciar Sesion]], Cuando compra vestidos de mujeres
| strPrenda | strComentario |
| Dress | Por Favor llamar Antes de Llegar al sitio | [Claudia search [Claudia clicks on Clic en Women, Claudia enters 'Dress' into Cuadro de Busqueda, Claudia clicks on Boton Buscar]]
[Test worker] INFO net.thucydides.core.steps.ConsoleLoggingListener - FINISHING STEP
[Test worker] WARN net.thucydides.core.steps.BaseStepListener - stepFinished: current outcome:Busqueda de vestidos exitosa:Dado que Claudia quiere buscar vestidos
| strUser | strPassword |
| acaraballo1101@gmail.com | Gabriela-1803 | [Claudia open up [Claudia opens the Favorite page], Claudia login [Claudia clicks on Boton Sig In, Claudia enters 'acaraballo1101@gmail.com' into Caja de texto para ingresar el correo, Claudia enters 'Gabriela-1803' into Caja de texto para ingresar password, Claudia clicks on Boton iniciar Sesion]], Cuando compra vestidos de mujeres
| strPrenda | strComentario |
| Dress | Por Favor llamar Antes de Llegar al sitio | [Claudia search [Claudia clicks on Clic en Women, Claudia enters 'Dress' into Cuadro de Busqueda, Claudia clicks on Boton Buscar]]
[Test worker] INFO net.thucydides.core.steps.ConsoleLoggingListener - FINISHING STEP
[Test worker] WARN net.thucydides.core.steps.BaseStepListener - stepStarted: net.thucydides.core.steps.ExecutedStepDescription@7bd5ccdd
[Test worker] INFO net.thucydides.core.steps.ConsoleLoggingListener - STARTING STEP Claudia seleccionar producto
[Test worker] WARN net.thucydides.core.steps.BaseStepListener - stepStarted: net.thucydides.core.steps.ExecutedStepDescription@6754703d
[Test worker] INFO net.thucydides.core.steps.ConsoleLoggingListener - STARTING STEP Claudia clicks on Clic en el boton add to cart del articulo 1
[Test worker] WARN net.thucydides.core.steps.BaseStepListener - stepFinished: current outcome:Busqueda de vestidos exitosa:Dado que Claudia quiere buscar vestidos
| strUser | strPassword |
| acaraballo1101@gmail.com | Gabriela-1803 | [Claudia open up [Claudia opens the Favorite page], Claudia login [Claudia clicks on Boton Sig In, Claudia enters 'acaraballo1101@gmail.com' into Caja de texto para ingresar el correo, Claudia enters 'Gabriela-1803' into Caja de texto para ingresar password, Claudia clicks on Boton iniciar Sesion]], Cuando compra vestidos de mujeres
| strPrenda | strComentario |
| Dress | Por Favor llamar Antes de Llegar al sitio | [Claudia search [Claudia clicks on Clic en Women, Claudia enters 'Dress' into Cuadro de Busqueda, Claudia clicks on Boton Buscar], Claudia seleccionar producto [Claudia clicks on Clic en el boton add to cart del articulo 1]]
[Test worker] INFO net.thucydides.core.steps.ConsoleLoggingListener - FINISHING STEP
[Test worker] WARN net.thucydides.core.steps.BaseStepListener - stepStarted: net.thucydides.core.steps.ExecutedStepDescription@4533b514
[Test worker] INFO net.thucydides.core.steps.ConsoleLoggingListener - STARTING STEP Claudia clicks on Cerrar ventana Flotante
[Test worker] WARN net.thucydides.core.steps.BaseStepListener - stepFinished: current outcome:Busqueda de vestidos exitosa:Dado que Claudia quiere buscar vestidos
| strUser | strPassword |
| acaraballo1101@gmail.com | Gabriela-1803 | [Claudia open up [Claudia opens the Favorite page], Claudia login [Claudia clicks on Boton Sig In, Claudia enters 'acaraballo1101@gmail.com' into Caja de texto para ingresar el correo, Claudia enters 'Gabriela-1803' into Caja de texto para ingresar password, Claudia clicks on Boton iniciar Sesion]], Cuando compra vestidos de mujeres
| strPrenda | strComentario |
| Dress | Por Favor llamar Antes de Llegar al sitio | [Claudia search [Claudia clicks on Clic en Women, Claudia enters 'Dress' into Cuadro de Busqueda, Claudia clicks on Boton Buscar], Claudia seleccionar producto [Claudia clicks on Clic en el boton add to cart del articulo 1, Claudia clicks on Cerrar ventana Flotante]]
[Test worker] INFO net.thucydides.core.steps.ConsoleLoggingListener - FINISHING STEP
[Test worker] WARN net.thucydides.core.steps.BaseStepListener - stepStarted: net.thucydides.core.steps.ExecutedStepDescription@229d40ce
[Test worker] INFO net.thucydides.core.steps.ConsoleLoggingListener - STARTING STEP Claudia clicks on Clic en el boton add to cart del articulo 2
[Test worker] WARN net.thucydides.core.steps.BaseStepListener - stepFinished: current outcome:Busqueda de vestidos exitosa:Dado que Claudia quiere buscar vestidos
| strUser | strPassword |
| acaraballo1101@gmail.com | Gabriela-1803 | [Claudia open up [Claudia opens the Favorite page], Claudia login [Claudia clicks on Boton Sig In, Claudia enters 'acaraballo1101@gmail.com' into Caja de texto para ingresar el correo, Claudia enters 'Gabriela-1803' into Caja de texto para ingresar password, Claudia clicks on Boton iniciar Sesion]], Cuando compra vestidos de mujeres
| strPrenda | strComentario |
| Dress | Por Favor llamar Antes de Llegar al sitio | [Claudia search [Claudia clicks on Clic en Women, Claudia enters 'Dress' into Cuadro de Busqueda, Claudia clicks on Boton Buscar], Claudia seleccionar producto [Claudia clicks on Clic en el boton add to cart del articulo 1, Claudia clicks on Cerrar ventana Flotante, Claudia clicks on Clic en el boton add to cart del articulo 2]]
[Test worker] INFO net.thucydides.core.steps.ConsoleLoggingListener - FINISHING STEP
[Test worker] WARN net.thucydides.core.steps.BaseStepListener - stepStarted: net.thucydides.core.steps.ExecutedStepDescription@328939c3
[Test worker] INFO net.thucydides.core.steps.ConsoleLoggingListener - STARTING STEP Claudia clicks on Cerrar ventana Flotante
[Test worker] WARN net.thucydides.core.steps.BaseStepListener - stepFinished: current outcome:Busqueda de vestidos exitosa:Dado que Claudia quiere buscar vestidos
| strUser | strPassword |
| acaraballo1101@gmail.com | Gabriela-1803 | [Claudia open up [Claudia opens the Favorite page], Claudia login [Claudia clicks on Boton Sig In, Claudia enters 'acaraballo1101@gmail.com' into Caja de texto para ingresar el correo, Claudia enters 'Gabriela-1803' into Caja de texto para ingresar password, Claudia clicks on Boton iniciar Sesion]], Cuando compra vestidos de mujeres
| strPrenda | strComentario |
| Dress | Por Favor llamar Antes de Llegar al sitio | [Claudia search [Claudia clicks on Clic en Women, Claudia enters 'Dress' into Cuadro de Busqueda, Claudia clicks on Boton Buscar], Claudia seleccionar producto [Claudia clicks on Clic en el boton add to cart del articulo 1, Claudia clicks on Cerrar ventana Flotante, Claudia clicks on Clic en el boton add to cart del articulo 2, Claudia clicks on Cerrar ventana Flotante]]
[Test worker] INFO net.thucydides.core.steps.ConsoleLoggingListener - FINISHING STEP
[Test worker] WARN net.thucydides.core.steps.BaseStepListener - stepFinished: current outcome:Busqueda de vestidos exitosa:Dado que Claudia quiere buscar vestidos
| strUser | strPassword |
| acaraballo1101@gmail.com | Gabriela-1803 | [Claudia open up [Claudia opens the Favorite page], Claudia login [Claudia clicks on Boton Sig In, Claudia enters 'acaraballo1101@gmail.com' into Caja de texto para ingresar el correo, Claudia enters 'Gabriela-1803' into Caja de texto para ingresar password, Claudia clicks on Boton iniciar Sesion]], Cuando compra vestidos de mujeres
| strPrenda | strComentario |
| Dress | Por Favor llamar Antes de Llegar al sitio | [Claudia search [Claudia clicks on Clic en Women, Claudia enters 'Dress' into Cuadro de Busqueda, Claudia clicks on Boton Buscar], Claudia seleccionar producto [Claudia clicks on Clic en el boton add to cart del articulo 1, Claudia clicks on Cerrar ventana Flotante, Claudia clicks on Clic en el boton add to cart del articulo 2, Claudia clicks on Cerrar ventana Flotante]]
[Test worker] INFO net.thucydides.core.steps.ConsoleLoggingListener - FINISHING STEP
[Test worker] WARN net.thucydides.core.steps.BaseStepListener - stepStarted: net.thucydides.core.steps.ExecutedStepDescription@122cdd28
[Test worker] INFO net.thucydides.core.steps.ConsoleLoggingListener - STARTING STEP Claudia comprar producto
[Test worker] WARN net.thucydides.core.steps.BaseStepListener - stepStarted: net.thucydides.core.steps.ExecutedStepDescription@12d6f4aa
[Test worker] INFO net.thucydides.core.steps.ConsoleLoggingListener - STARTING STEP Claudia clicks on Clic en Carro de compras
[Test worker] WARN net.thucydides.core.steps.BaseStepListener - stepFinished: current outcome:Busqueda de vestidos exitosa:Dado que Claudia quiere buscar vestidos
| strUser | strPassword |
| acaraballo1101@gmail.com | Gabriela-1803 | [Claudia open up [Claudia opens the Favorite page], Claudia login [Claudia clicks on Boton Sig In, Claudia enters 'acaraballo1101@gmail.com' into Caja de texto para ingresar el correo, Claudia enters 'Gabriela-1803' into Caja de texto para ingresar password, Claudia clicks on Boton iniciar Sesion]], Cuando compra vestidos de mujeres
| strPrenda | strComentario |
| Dress | Por Favor llamar Antes de Llegar al sitio | [Claudia search [Claudia clicks on Clic en Women, Claudia enters 'Dress' into Cuadro de Busqueda, Claudia clicks on Boton Buscar], Claudia seleccionar producto [Claudia clicks on Clic en el boton add to cart del articulo 1, Claudia clicks on Cerrar ventana Flotante, Claudia clicks on Clic en el boton add to cart del articulo 2, Claudia clicks on Cerrar ventana Flotante], Claudia comprar producto [Claudia clicks on Clic en Carro de compras]]
[Test worker] INFO net.thucydides.core.steps.ConsoleLoggingListener - FINISHING STEP
[Test worker] WARN net.thucydides.core.steps.BaseStepListener - stepStarted: net.thucydides.core.steps.ExecutedStepDescription@77905b3b
[Test worker] INFO net.thucydides.core.steps.ConsoleLoggingListener - STARTING STEP Claudia clicks on Clic en Cheout sesion Summary
[Test worker] WARN net.thucydides.core.steps.BaseStepListener - stepFinished: current outcome:Busqueda de vestidos exitosa:Dado que Claudia quiere buscar vestidos
| strUser | strPassword |
| acaraballo1101@gmail.com | Gabriela-1803 | [Claudia open up [Claudia opens the Favorite page], Claudia login [Claudia clicks on Boton Sig In, Claudia enters 'acaraballo1101@gmail.com' into Caja de texto para ingresar el correo, Claudia enters 'Gabriela-1803' into Caja de texto para ingresar password, Claudia clicks on Boton iniciar Sesion]], Cuando compra vestidos de mujeres
| strPrenda | strComentario |
| Dress | Por Favor llamar Antes de Llegar al sitio | [Claudia search [Claudia clicks on Clic en Women, Claudia enters 'Dress' into Cuadro de Busqueda, Claudia clicks on Boton Buscar], Claudia seleccionar producto [Claudia clicks on Clic en el boton add to cart del articulo 1, Claudia clicks on Cerrar ventana Flotante, Claudia clicks on Clic en el boton add to cart del articulo 2, Claudia clicks on Cerrar ventana Flotante], Claudia comprar producto [Claudia clicks on Clic en Carro de compras, Claudia clicks on Clic en Cheout sesion Summary]]
[Test worker] INFO net.thucydides.core.steps.ConsoleLoggingListener - FINISHING STEP
[Test worker] WARN net.thucydides.core.steps.BaseStepListener - stepStarted: net.thucydides.core.steps.ExecutedStepDescription@358e959b
[Test worker] INFO net.thucydides.core.steps.ConsoleLoggingListener - STARTING STEP Claudia enters 'Por favor LLamar media hora antes de ir' into Realizar comentarios en cuadro de Texto
[Test worker] WARN net.thucydides.core.steps.BaseStepListener - stepFinished: current outcome:Busqueda de vestidos exitosa:Dado que Claudia quiere buscar vestidos
| strUser | strPassword |
| acaraballo1101@gmail.com | Gabriela-1803 | [Claudia open up [Claudia opens the Favorite page], Claudia login [Claudia clicks on Boton Sig In, Claudia enters 'acaraballo1101@gmail.com' into Caja de texto para ingresar el correo, Claudia enters 'Gabriela-1803' into Caja de texto para ingresar password, Claudia clicks on Boton iniciar Sesion]], Cuando compra vestidos de mujeres
| strPrenda | strComentario |
| Dress | Por Favor llamar Antes de Llegar al sitio | [Claudia search [Claudia clicks on Clic en Women, Claudia enters 'Dress' into Cuadro de Busqueda, Claudia clicks on Boton Buscar], Claudia seleccionar producto [Claudia clicks on Clic en el boton add to cart del articulo 1, Claudia clicks on Cerrar ventana Flotante, Claudia clicks on Clic en el boton add to cart del articulo 2, Claudia clicks on Cerrar ventana Flotante], Claudia comprar producto [Claudia clicks on Clic en Carro de compras, Claudia clicks on Clic en Cheout sesion Summary, Claudia enters 'Por favor LLamar media hora antes de ir' into Realizar comentarios en cuadro de Texto]]
[Test worker] INFO net.thucydides.core.steps.ConsoleLoggingListener - FINISHING STEP
[Test worker] WARN net.thucydides.core.steps.BaseStepListener - stepStarted: net.thucydides.core.steps.ExecutedStepDescription@139bfcb9
[Test worker] INFO net.thucydides.core.steps.ConsoleLoggingListener - STARTING STEP Claudia clicks on Clic en Cheout sesion Address
[Test worker] WARN net.thucydides.core.steps.BaseStepListener - stepFinished: current outcome:Busqueda de vestidos exitosa:Dado que Claudia quiere buscar vestidos
| strUser | strPassword |
| acaraballo1101@gmail.com | Gabriela-1803 | [Claudia open up [Claudia opens the Favorite page], Claudia login [Claudia clicks on Boton Sig In, Claudia enters 'acaraballo1101@gmail.com' into Caja de texto para ingresar el correo, Claudia enters 'Gabriela-1803' into Caja de texto para ingresar password, Claudia clicks on Boton iniciar Sesion]], Cuando compra vestidos de mujeres
| strPrenda | strComentario |
| Dress | Por Favor llamar Antes de Llegar al sitio | [Claudia search [Claudia clicks on Clic en Women, Claudia enters 'Dress' into Cuadro de Busqueda, Claudia clicks on Boton Buscar], Claudia seleccionar producto [Claudia clicks on Clic en el boton add to cart del articulo 1, Claudia clicks on Cerrar ventana Flotante, Claudia clicks on Clic en el boton add to cart del articulo 2, Claudia clicks on Cerrar ventana Flotante], Claudia comprar producto [Claudia clicks on Clic en Carro de compras, Claudia clicks on Clic en Cheout sesion Summary, Claudia enters 'Por favor LLamar media hora antes de ir' into Realizar comentarios en cuadro de Texto, Claudia clicks on Clic en Cheout sesion Address]]
[Test worker] INFO net.thucydides.core.steps.ConsoleLoggingListener - FINISHING STEP
[Test worker] WARN net.thucydides.core.steps.BaseStepListener - stepStarted: net.thucydides.core.steps.ExecutedStepDescription@71c9b5a7
[Test worker] INFO net.thucydides.core.steps.ConsoleLoggingListener - STARTING STEP Claudia clicks on Clic en aceptar terminos y condiciones
[Test worker] WARN net.thucydides.core.steps.BaseStepListener - stepFinished: current outcome:Busqueda de vestidos exitosa:Dado que Claudia quiere buscar vestidos
| strUser | strPassword |
| acaraballo1101@gmail.com | Gabriela-1803 | [Claudia open up [Claudia opens the Favorite page], Claudia login [Claudia clicks on Boton Sig In, Claudia enters 'acaraballo1101@gmail.com' into Caja de texto para ingresar el correo, Claudia enters 'Gabriela-1803' into Caja de texto para ingresar password, Claudia clicks on Boton iniciar Sesion]], Cuando compra vestidos de mujeres
| strPrenda | strComentario |
| Dress | Por Favor llamar Antes de Llegar al sitio | [Claudia search [Claudia clicks on Clic en Women, Claudia enters 'Dress' into Cuadro de Busqueda, Claudia clicks on Boton Buscar], Claudia seleccionar producto [Claudia clicks on Clic en el boton add to cart del articulo 1, Claudia clicks on Cerrar ventana Flotante, Claudia clicks on Clic en el boton add to cart del articulo 2, Claudia clicks on Cerrar ventana Flotante], Claudia comprar producto [Claudia clicks on Clic en Carro de compras, Claudia clicks on Clic en Cheout sesion Summary, Claudia enters 'Por favor LLamar media hora antes de ir' into Realizar comentarios en cuadro de Texto, Claudia clicks on Clic en Cheout sesion Address, Claudia clicks on Clic en aceptar terminos y condiciones]]
[Test worker] INFO net.thucydides.core.steps.ConsoleLoggingListener - FINISHING STEP
[Test worker] WARN net.thucydides.core.steps.BaseStepListener - stepStarted: net.thucydides.core.steps.ExecutedStepDescription@59889742
[Test worker] INFO net.thucydides.core.steps.ConsoleLoggingListener - STARTING STEP Claudia clicks on Clic en Cheout sesion Shipping
[Test worker] WARN net.thucydides.core.steps.BaseStepListener - stepFinished: current outcome:Busqueda de vestidos exitosa:Dado que Claudia quiere buscar vestidos
| strUser | strPassword |
| acaraballo1101@gmail.com | Gabriela-1803 | [Claudia open up [Claudia opens the Favorite page], Claudia login [Claudia clicks on Boton Sig In, Claudia enters 'acaraballo1101@gmail.com' into Caja de texto para ingresar el correo, Claudia enters 'Gabriela-1803' into Caja de texto para ingresar password, Claudia clicks on Boton iniciar Sesion]], Cuando compra vestidos de mujeres
| strPrenda | strComentario |
| Dress | Por Favor llamar Antes de Llegar al sitio | [Claudia search [Claudia clicks on Clic en Women, Claudia enters 'Dress' into Cuadro de Busqueda, Claudia clicks on Boton Buscar], Claudia seleccionar producto [Claudia clicks on Clic en el boton add to cart del articulo 1, Claudia clicks on Cerrar ventana Flotante, Claudia clicks on Clic en el boton add to cart del articulo 2, Claudia clicks on Cerrar ventana Flotante], Claudia comprar producto [Claudia clicks on Clic en Carro de compras, Claudia clicks on Clic en Cheout sesion Summary, Claudia enters 'Por favor LLamar media hora antes de ir' into Realizar comentarios en cuadro de Texto, Claudia clicks on Clic en Cheout sesion Address, Claudia clicks on Clic en aceptar terminos y condiciones, Claudia clicks on Clic en Cheout sesion Shipping]]
[Test worker] INFO net.thucydides.core.steps.ConsoleLoggingListener - FINISHING STEP
[Test worker] WARN net.thucydides.core.steps.BaseStepListener - stepStarted: net.thucydides.core.steps.ExecutedStepDescription@6743e6ca
[Test worker] INFO net.thucydides.core.steps.ConsoleLoggingListener - STARTING STEP Claudia clicks on Seleccionar el tipo de pago
[Test worker] WARN net.thucydides.core.steps.BaseStepListener - stepFinished: current outcome:Busqueda de vestidos exitosa:Dado que Claudia quiere buscar vestidos
| strUser | strPassword |
| acaraballo1101@gmail.com | Gabriela-1803 | [Claudia open up [Claudia opens the Favorite page], Claudia login [Claudia clicks on Boton Sig In, Claudia enters 'acaraballo1101@gmail.com' into Caja de texto para ingresar el correo, Claudia enters 'Gabriela-1803' into Caja de texto para ingresar password, Claudia clicks on Boton iniciar Sesion]], Cuando compra vestidos de mujeres
| strPrenda | strComentario |
| Dress | Por Favor llamar Antes de Llegar al sitio | [Claudia search [Claudia clicks on Clic en Women, Claudia enters 'Dress' into Cuadro de Busqueda, Claudia clicks on Boton Buscar], Claudia seleccionar producto [Claudia clicks on Clic en el boton add to cart del articulo 1, Claudia clicks on Cerrar ventana Flotante, Claudia clicks on Clic en el boton add to cart del articulo 2, Claudia clicks on Cerrar ventana Flotante], Claudia comprar producto [Claudia clicks on Clic en Carro de compras, Claudia clicks on Clic en Cheout sesion Summary, Claudia enters 'Por favor LLamar media hora antes de ir' into Realizar comentarios en cuadro de Texto, Claudia clicks on Clic en Cheout sesion Address, Claudia clicks on Clic en aceptar terminos y condiciones, Claudia clicks on Clic en Cheout sesion Shipping, Claudia clicks on Seleccionar el tipo de pago]]
[Test worker] INFO net.thucydides.core.steps.ConsoleLoggingListener - FINISHING STEP
[Test worker] WARN net.thucydides.core.steps.BaseStepListener - stepStarted: net.thucydides.core.steps.ExecutedStepDescription@469879cc
[Test worker] INFO net.thucydides.core.steps.ConsoleLoggingListener - STARTING STEP Claudia clicks on Finalizar Pedido
[Test worker] WARN net.thucydides.core.steps.BaseStepListener - stepFinished: current outcome:Busqueda de vestidos exitosa:Dado que Claudia quiere buscar vestidos
| strUser | strPassword |
| acaraballo1101@gmail.com | Gabriela-1803 | [Claudia open up [Claudia opens the Favorite page], Claudia login [Claudia clicks on Boton Sig In, Claudia enters 'acaraballo1101@gmail.com' into Caja de texto para ingresar el correo, Claudia enters 'Gabriela-1803' into Caja de texto para ingresar password, Claudia clicks on Boton iniciar Sesion]], Cuando compra vestidos de mujeres
| strPrenda | strComentario |
| Dress | Por Favor llamar Antes de Llegar al sitio | [Claudia search [Claudia clicks on Clic en Women, Claudia enters 'Dress' into Cuadro de Busqueda, Claudia clicks on Boton Buscar], Claudia seleccionar producto [Claudia clicks on Clic en el boton add to cart del articulo 1, Claudia clicks on Cerrar ventana Flotante, Claudia clicks on Clic en el boton add to cart del articulo 2, Claudia clicks on Cerrar ventana Flotante], Claudia comprar producto [Claudia clicks on Clic en Carro de compras, Claudia clicks on Clic en Cheout sesion Summary, Claudia enters 'Por favor LLamar media hora antes de ir' into Realizar comentarios en cuadro de Texto, Claudia clicks on Clic en Cheout sesion Address, Claudia clicks on Clic en aceptar terminos y condiciones, Claudia clicks on Clic en Cheout sesion Shipping, Claudia clicks on Seleccionar el tipo de pago, Claudia clicks on Finalizar Pedido]]
[Test worker] INFO net.thucydides.core.steps.ConsoleLoggingListener - FINISHING STEP
[Test worker] WARN net.thucydides.core.steps.BaseStepListener - stepFinished: current outcome:Busqueda de vestidos exitosa:Dado que Claudia quiere buscar vestidos
| strUser | strPassword |
| acaraballo1101@gmail.com | Gabriela-1803 | [Claudia open up [Claudia opens the Favorite page], Claudia login [Claudia clicks on Boton Sig In, Claudia enters 'acaraballo1101@gmail.com' into Caja de texto para ingresar el correo, Claudia enters 'Gabriela-1803' into Caja de texto para ingresar password, Claudia clicks on Boton iniciar Sesion]], Cuando compra vestidos de mujeres
| strPrenda | strComentario |
| Dress | Por Favor llamar Antes de Llegar al sitio | [Claudia search [Claudia clicks on Clic en Women, Claudia enters 'Dress' into Cuadro de Busqueda, Claudia clicks on Boton Buscar], Claudia seleccionar producto [Claudia clicks on Clic en el boton add to cart del articulo 1, Claudia clicks on Cerrar ventana Flotante, Claudia clicks on Clic en el boton add to cart del articulo 2, Claudia clicks on Cerrar ventana Flotante], Claudia comprar producto [Claudia clicks on Clic en Carro de compras, Claudia clicks on Clic en Cheout sesion Summary, Claudia enters 'Por favor LLamar media hora antes de ir' into Realizar comentarios en cuadro de Texto, Claudia clicks on Clic en Cheout sesion Address, Claudia clicks on Clic en aceptar terminos y condiciones, Claudia clicks on Clic en Cheout sesion Shipping, Claudia clicks on Seleccionar el tipo de pago, Claudia clicks on Finalizar Pedido]]
[Test worker] INFO net.thucydides.core.steps.ConsoleLoggingListener - FINISHING STEP
[Test worker] WARN net.thucydides.core.steps.BaseStepListener - stepFinished: current outcome:Busqueda de vestidos exitosa:Dado que Claudia quiere buscar vestidos
| strUser | strPassword |
| acaraballo1101@gmail.com | Gabriela-1803 | [Claudia open up [Claudia opens the Favorite page], Claudia login [Claudia clicks on Boton Sig In, Claudia enters 'acaraballo1101@gmail.com' into Caja de texto para ingresar el correo, Claudia enters 'Gabriela-1803' into Caja de texto para ingresar password, Claudia clicks on Boton iniciar Sesion]], Cuando compra vestidos de mujeres
| strPrenda | strComentario |
| Dress | Por Favor llamar Antes de Llegar al sitio | [Claudia search [Claudia clicks on Clic en Women, Claudia enters 'Dress' into Cuadro de Busqueda, Claudia clicks on Boton Buscar], Claudia seleccionar producto [Claudia clicks on Clic en el boton add to cart del articulo 1, Claudia clicks on Cerrar ventana Flotante, Claudia clicks on Clic en el boton add to cart del articulo 2, Claudia clicks on Cerrar ventana Flotante], Claudia comprar producto [Claudia clicks on Clic en Carro de compras, Claudia clicks on Clic en Cheout sesion Summary, Claudia enters 'Por favor LLamar media hora antes de ir' into Realizar comentarios en cuadro de Texto, Claudia clicks on Clic en Cheout sesion Address, Claudia clicks on Clic en aceptar terminos y condiciones, Claudia clicks on Clic en Cheout sesion Shipping, Claudia clicks on Seleccionar el tipo de pago, Claudia clicks on Finalizar Pedido]]
[Test worker] INFO net.thucydides.core.steps.ConsoleLoggingListener - FINISHING STEP
[Test worker] WARN net.thucydides.core.steps.BaseStepListener - stepStarted: net.thucydides.core.steps.ExecutedStepDescription@37fa2da9
[Test worker] INFO net.thucydides.core.steps.ConsoleLoggingListener - STARTING STEP Entonces ella deberia visualizar que su compra fue exitosa
| strConfirmacion |
| Your order on My Store is complete. |
[Test worker] WARN net.thucydides.core.steps.BaseStepListener - stepStarted: net.thucydides.core.steps.ExecutedStepDescription@16faf689
[Test worker] INFO net.thucydides.core.steps.ConsoleLoggingListener - STARTING STEP Then answer
[Test worker] WARN net.thucydides.core.steps.BaseStepListener - stepFinished: current outcome:Busqueda de vestidos exitosa:Dado que Claudia quiere buscar vestidos
| strUser | strPassword |
| acaraballo1101@gmail.com | Gabriela-1803 | [Claudia open up [Claudia opens the Favorite page], Claudia login [Claudia clicks on Boton Sig In, Claudia enters 'acaraballo1101@gmail.com' into Caja de texto para ingresar el correo, Claudia enters 'Gabriela-1803' into Caja de texto para ingresar password, Claudia clicks on Boton iniciar Sesion]], Cuando compra vestidos de mujeres
| strPrenda | strComentario |
| Dress | Por Favor llamar Antes de Llegar al sitio | [Claudia search [Claudia clicks on Clic en Women, Claudia enters 'Dress' into Cuadro de Busqueda, Claudia clicks on Boton Buscar], Claudia seleccionar producto [Claudia clicks on Clic en el boton add to cart del articulo 1, Claudia clicks on Cerrar ventana Flotante, Claudia clicks on Clic en el boton add to cart del articulo 2, Claudia clicks on Cerrar ventana Flotante], Claudia comprar producto [Claudia clicks on Clic en Carro de compras, Claudia clicks on Clic en Cheout sesion Summary, Claudia enters 'Por favor LLamar media hora antes de ir' into Realizar comentarios en cuadro de Texto, Claudia clicks on Clic en Cheout sesion Address, Claudia clicks on Clic en aceptar terminos y condiciones, Claudia clicks on Clic en Cheout sesion Shipping, Claudia clicks on Seleccionar el tipo de pago, Claudia clicks on Finalizar Pedido]], Entonces ella deberia visualizar que su compra fue exitosa
| strConfirmacion |
| Your order on My Store is complete. | [Then answer]
[Test worker] INFO net.thucydides.core.steps.ConsoleLoggingListener - FINISHING STEP
[Test worker] WARN net.thucydides.core.steps.BaseStepListener - stepFinished: current outcome:Busqueda de vestidos exitosa:Dado que Claudia quiere buscar vestidos
| strUser | strPassword |
| acaraballo1101@gmail.com | Gabriela-1803 | [Claudia open up [Claudia opens the Favorite page], Claudia login [Claudia clicks on Boton Sig In, Claudia enters 'acaraballo1101@gmail.com' into Caja de texto para ingresar el correo, Claudia enters 'Gabriela-1803' into Caja de texto para ingresar password, Claudia clicks on Boton iniciar Sesion]], Cuando compra vestidos de mujeres
| strPrenda | strComentario |
| Dress | Por Favor llamar Antes de Llegar al sitio | [Claudia search [Claudia clicks on Clic en Women, Claudia enters 'Dress' into Cuadro de Busqueda, Claudia clicks on Boton Buscar], Claudia seleccionar producto [Claudia clicks on Clic en el boton add to cart del articulo 1, Claudia clicks on Cerrar ventana Flotante, Claudia clicks on Clic en el boton add to cart del articulo 2, Claudia clicks on Cerrar ventana Flotante], Claudia comprar producto [Claudia clicks on Clic en Carro de compras, Claudia clicks on Clic en Cheout sesion Summary, Claudia enters 'Por favor LLamar media hora antes de ir' into Realizar comentarios en cuadro de Texto, Claudia clicks on Clic en Cheout sesion Address, Claudia clicks on Clic en aceptar terminos y condiciones, Claudia clicks on Clic en Cheout sesion Shipping, Claudia clicks on Seleccionar el tipo de pago, Claudia clicks on Finalizar Pedido]], Entonces ella deberia visualizar que su compra fue exitosa
| strConfirmacion |
| Your order on My Store is complete. | [Then answer]
[Test worker] INFO net.thucydides.core.steps.ConsoleLoggingListener - FINISHING STEP
[Test worker] WARN net.thucydides.core.steps.BaseStepListener - testFinished: Busqueda de vestidos exitosa:Dado que Claudia quiere buscar vestidos
| strUser | strPassword |
| acaraballo1101@gmail.com | Gabriela-1803 | [Claudia open up [Claudia opens the Favorite page], Claudia login [Claudia clicks on Boton Sig In, Claudia enters 'acaraballo1101@gmail.com' into Caja de texto para ingresar el correo, Claudia enters 'Gabriela-1803' into Caja de texto para ingresar password, Claudia clicks on Boton iniciar Sesion]], Cuando compra vestidos de mujeres
| strPrenda | strComentario |
| Dress | Por Favor llamar Antes de Llegar al sitio | [Claudia search [Claudia clicks on Clic en Women, Claudia enters 'Dress' into Cuadro de Busqueda, Claudia clicks on Boton Buscar], Claudia seleccionar producto [Claudia clicks on Clic en el boton add to cart del articulo 1, Claudia clicks on Cerrar ventana Flotante, Claudia clicks on Clic en el boton add to cart del articulo 2, Claudia clicks on Cerrar ventana Flotante], Claudia comprar producto [Claudia clicks on Clic en Carro de compras, Claudia clicks on Clic en Cheout sesion Summary, Claudia enters 'Por favor LLamar media hora antes de ir' into Realizar comentarios en cuadro de Texto, Claudia clicks on Clic en Cheout sesion Address, Claudia clicks on Clic en aceptar terminos y condiciones, Claudia clicks on Clic en Cheout sesion Shipping, Claudia clicks on Seleccionar el tipo de pago, Claudia clicks on Finalizar Pedido]], Entonces ella deberia visualizar que su compra fue exitosa
| strConfirmacion |
| Your order on My Store is complete. | [Then answer]
[Test worker] WARN net.thucydides.core.steps.BaseStepListener - TestOutcomes: [Busqueda de vestidos exitosa:Dado que Claudia quiere buscar vestidos
| strUser | strPassword |
| acaraballo1101@gmail.com | Gabriela-1803 | [Claudia open up [Claudia opens the Favorite page], Claudia login [Claudia clicks on Boton Sig In, Claudia enters 'acaraballo1101@gmail.com' into Caja de texto para ingresar el correo, Claudia enters 'Gabriela-1803' into Caja de texto para ingresar password, Claudia clicks on Boton iniciar Sesion]], Cuando compra vestidos de mujeres
| strPrenda | strComentario |
| Dress | Por Favor llamar Antes de Llegar al sitio | [Claudia search [Claudia clicks on Clic en Women, Claudia enters 'Dress' into Cuadro de Busqueda, Claudia clicks on Boton Buscar], Claudia seleccionar producto [Claudia clicks on Clic en el boton add to cart del articulo 1, Claudia clicks on Cerrar ventana Flotante, Claudia clicks on Clic en el boton add to cart del articulo 2, Claudia clicks on Cerrar ventana Flotante], Claudia comprar producto [Claudia clicks on Clic en Carro de compras, Claudia clicks on Clic en Cheout sesion Summary, Claudia enters 'Por favor LLamar media hora antes de ir' into Realizar comentarios en cuadro de Texto, Claudia clicks on Clic en Cheout sesion Address, Claudia clicks on Clic en aceptar terminos y condiciones, Claudia clicks on Clic en Cheout sesion Shipping, Claudia clicks on Seleccionar el tipo de pago, Claudia clicks on Finalizar Pedido]], Entonces ella deberia visualizar que su compra fue exitosa
| strConfirmacion |
| Your order on My Store is complete. | [Then answer]]
[Test worker] WARN net.thucydides.core.steps.BaseStepListener - Final testOutcomes: [Busqueda de vestidos exitosa:Dado que Claudia quiere buscar vestidos
| strUser | strPassword |
| acaraballo1101@gmail.com | Gabriela-1803 | [Claudia open up [Claudia opens the Favorite page], Claudia login [Claudia clicks on Boton Sig In, Claudia enters 'acaraballo1101@gmail.com' into Caja de texto para ingresar el correo, Claudia enters 'Gabriela-1803' into Caja de texto para ingresar password, Claudia clicks on Boton iniciar Sesion]], Cuando compra vestidos de mujeres
| strPrenda | strComentario |
| Dress | Por Favor llamar Antes de Llegar al sitio | [Claudia search [Claudia clicks on Clic en Women, Claudia enters 'Dress' into Cuadro de Busqueda, Claudia clicks on Boton Buscar], Claudia seleccionar producto [Claudia clicks on Clic en el boton add to cart del articulo 1, Claudia clicks on Cerrar ventana Flotante, Claudia clicks on Clic en el boton add to cart del articulo 2, Claudia clicks on Cerrar ventana Flotante], Claudia comprar producto [Claudia clicks on Clic en Carro de compras, Claudia clicks on Clic en Cheout sesion Summary, Claudia enters 'Por favor LLamar media hora antes de ir' into Realizar comentarios en cuadro de Texto, Claudia clicks on Clic en Cheout sesion Address, Claudia clicks on Clic en aceptar terminos y condiciones, Claudia clicks on Clic en Cheout sesion Shipping, Claudia clicks on Seleccionar el tipo de pago, Claudia clicks on Finalizar Pedido]], Entonces ella deberia visualizar que su compra fue exitosa
| strConfirmacion |
| Your order on My Store is complete. | [Then answer]]
[Test worker] INFO net.thucydides.core.steps.ConsoleLoggingListener - 
        __    _____ _____ ____ _____   ____   _    ____  ____  _____ ____  
  _     \ \  |_   _| ____/ ___|_   _| |  _ \ / \  / ___|/ ___|| ____|  _ \ 
 (_)_____| |   | | |  _| \___ \ | |   | |_) / _ \ \___ \\___ \|  _| | | | |
  _|_____| |   | | | |___ ___) || |   |  __/ ___ \ ___) |___) | |___| |_| |
 (_)     | |   |_| |_____|____/ |_|   |_| /_/   \_\____/|____/|_____|____/ 
        /_/                                                                

TEST PASSED: Busqueda de vestidos exitosa
----------------------------------------------------------------------------
]]></system-err>
</testsuite>
